<?xml version="1.0" encoding="UTF-8"?>
<!-- Generated by org.testng.reporters.JUnitReportReporter -->
<testsuite hostname="DESKTOP-U2RTSS5" failures="0" tests="1" name="MyDemoBookMyShow.MyDemoBookMyShow.SimpleService" time="16.259" errors="0" timestamp="2023-12-11T11:39:16 IST" skipped="0">
  <testcase classname="MyDemoBookMyShow.MyDemoBookMyShow.SimpleService" name="setup" time="16.259"/>
</testsuite> <!-- MyDemoBookMyShow.MyDemoBookMyShow.SimpleService -->
